0 info it worked if it ends with ok
1 verbose cli [ '/Users/chourobin/.nvm/v0.10.4/bin/node',
1 verbose cli   '/Users/chourobin/.nvm/v0.10.4/bin/npm',
1 verbose cli   'run-script',
1 verbose cli   'download' ]
2 info using npm@1.2.18
3 info using node@v0.10.4
4 verbose read json /Users/chourobin/Github/Node/node-gtfs/examples/express/package.json
5 error Error: ENOENT, open '/Users/chourobin/Github/Node/node-gtfs/examples/express/package.json'
6 error If you need help, you may report this log at:
6 error     <http://github.com/isaacs/npm/issues>
6 error or email it to:
6 error     <npm-@googlegroups.com>
7 error System Darwin 12.3.0
8 error command "/Users/chourobin/.nvm/v0.10.4/bin/node" "/Users/chourobin/.nvm/v0.10.4/bin/npm" "run-script" "download"
9 error cwd /Users/chourobin/Github/Node/node-gtfs/examples/express
10 error node -v v0.10.4
11 error npm -v 1.2.18
12 error path /Users/chourobin/Github/Node/node-gtfs/examples/express/package.json
13 error code ENOENT
14 error errno 34
15 verbose exit [ 34, true ]
